 * Serving Flask app 'dms'
 * Debug mode: on
[31m[1mWARNING: This is a development server. Do not use it in a production deployment. Use a production WSGI server instead.[0m
 * Running on all addresses (0.0.0.0)
 * Running on http://127.0.0.1:5055
 * Running on http://10.99.115.211:5055
[33mPress CTRL+C to quit[0m
 * Restarting with stat
 * Debugger is active!
 * Debugger PIN: 120-178-396
 * Detected change in '/home/rudra/Documents/Provisioner/bkc.py', reloading
 * Restarting with stat
 * Debugger is active!
 * Debugger PIN: 120-178-396
 * Detected change in '/home/rudra/Documents/Provisioner/bkc.py', reloading
 * Restarting with stat
 * Debugger is active!
 * Debugger PIN: 120-178-396
 * Detected change in '/home/rudra/Documents/Provisioner/bkc.py', reloading
 * Restarting with stat
 * Debugger is active!
 * Debugger PIN: 120-178-396
 * Detected change in '/home/rudra/Documents/Provisioner/bkc.py', reloading
 * Restarting with stat
 * Debugger is active!
 * Debugger PIN: 120-178-396
 * Detected change in '/home/rudra/Documents/Provisioner/bkc.py', reloading
 * Restarting with stat
 * Debugger is active!
 * Debugger PIN: 120-178-396
 * Detected change in '/home/rudra/Documents/Provisioner/bkc.py', reloading
 * Restarting with stat
 * Debugger is active!
 * Debugger PIN: 120-178-396
 * Detected change in '/home/rudra/Documents/Provisioner/bkc.py', reloading
 * Restarting with stat
 * Debugger is active!
 * Debugger PIN: 120-178-396
 * Detected change in '/home/rudra/Documents/Provisioner/bkc.py', reloading
 * Restarting with stat
 * Debugger is active!
 * Debugger PIN: 120-178-396
 * Detected change in '/home/rudra/Documents/Provisioner/bkc.py', reloading
 * Restarting with stat
 * Debugger is active!
 * Debugger PIN: 120-178-396
 * Detected change in '/home/rudra/Documents/Provisioner/bkc.py', reloading
 * Restarting with stat
 * Debugger is active!
 * Debugger PIN: 120-178-396
 * Detected change in '/home/rudra/Documents/Provisioner/bkc.py', reloading
 * Restarting with stat
 * Debugger is active!
 * Debugger PIN: 120-178-396
 * Detected change in '/home/rudra/Documents/Provisioner/bkc.py', reloading
 * Restarting with stat
 * Debugger is active!
 * Debugger PIN: 120-178-396
 * Detected change in '/home/rudra/Documents/Provisioner/bkc.py', reloading
 * Restarting with stat
 * Debugger is active!
 * Debugger PIN: 120-178-396
 * Detected change in '/home/rudra/Documents/Provisioner/bkc.py', reloading
 * Restarting with stat
 * Debugger is active!
 * Debugger PIN: 120-178-396
 * Detected change in '/home/rudra/Documents/Provisioner/bkc.py', reloading
 * Restarting with stat
 * Debugger is active!
 * Debugger PIN: 120-178-396
 * Detected change in '/home/rudra/Documents/Provisioner/bkc.py', reloading
 * Restarting with stat
 * Debugger is active!
 * Debugger PIN: 120-178-396
 * Detected change in '/home/rudra/Documents/Provisioner/experiment.py', reloading
 * Restarting with stat
 * Debugger is active!
 * Debugger PIN: 120-178-396
 * Detected change in '/home/rudra/Documents/Provisioner/experiment.py', reloading
 * Restarting with stat
 * Debugger is active!
 * Debugger PIN: 120-178-396
 * Detected change in '/home/rudra/Documents/Provisioner/experiment.py', reloading
 * Restarting with stat
 * Debugger is active!
 * Debugger PIN: 120-178-396
 * Detected change in '/home/rudra/Documents/Provisioner/experiment.py', reloading
 * Restarting with stat
 * Debugger is active!
 * Debugger PIN: 120-178-396
 * Detected change in '/home/rudra/Documents/Provisioner/experiment.py', reloading
 * Restarting with stat
 * Debugger is active!
 * Debugger PIN: 120-178-396
 * Detected change in '/home/rudra/Documents/Provisioner/experiment.py', reloading
 * Restarting with stat
 * Debugger is active!
 * Debugger PIN: 120-178-396
 * Detected change in '/home/rudra/Documents/Provisioner/experiment.py', reloading
 * Restarting with stat
 * Debugger is active!
 * Debugger PIN: 120-178-396
 * Detected change in '/home/rudra/Documents/Provisioner/experiment.py', reloading
 * Restarting with stat
 * Debugger is active!
 * Debugger PIN: 120-178-396
 * Detected change in '/home/rudra/Documents/Provisioner/bkc.py', reloading
 * Restarting with stat
 * Debugger is active!
 * Debugger PIN: 120-178-396
 * Detected change in '/home/rudra/Documents/Provisioner/experiment.py', reloading
 * Restarting with stat
 * Debugger is active!
 * Debugger PIN: 120-178-396
 * Detected change in '/home/rudra/Documents/Provisioner/bkc.py', reloading
 * Restarting with stat
 * Debugger is active!
 * Debugger PIN: 120-178-396
 * Detected change in '/home/rudra/Documents/Provisioner/bkc.py', reloading
 * Restarting with stat
 * Debugger is active!
 * Debugger PIN: 120-178-396
 * Detected change in '/home/rudra/Documents/Provisioner/bkc.py', reloading
 * Restarting with stat
 * Debugger is active!
 * Debugger PIN: 120-178-396
 * Detected change in '/home/rudra/Documents/Provisioner/bkc.py', reloading
 * Restarting with stat
 * Debugger is active!
 * Debugger PIN: 120-178-396
 * Detected change in '/home/rudra/Documents/Provisioner/experiment.py', reloading
 * Restarting with stat
 * Debugger is active!
 * Debugger PIN: 120-178-396
 * Detected change in '/home/rudra/Documents/Provisioner/bkc.py', reloading
 * Restarting with stat
 * Debugger is active!
 * Debugger PIN: 120-178-396
 * Detected change in '/home/rudra/Documents/Provisioner/experiment.py', reloading
 * Restarting with stat
 * Debugger is active!
 * Debugger PIN: 120-178-396
 * Detected change in '/home/rudra/Documents/Provisioner/experiment.py', reloading
 * Restarting with stat
 * Debugger is active!
 * Debugger PIN: 120-178-396
 * Detected change in '/home/rudra/Documents/Provisioner/experiment.py', reloading
 * Restarting with stat
 * Debugger is active!
 * Debugger PIN: 120-178-396
 * Detected change in '/home/rudra/Documents/Provisioner/experiment.py', reloading
 * Restarting with stat
 * Debugger is active!
 * Debugger PIN: 120-178-396
 * Detected change in '/home/rudra/Documents/Provisioner/experiment.py', reloading
 * Restarting with stat
 * Debugger is active!
 * Debugger PIN: 120-178-396
 * Detected change in '/home/rudra/Documents/Provisioner/experiment.py', reloading
 * Restarting with stat
 * Debugger is active!
 * Debugger PIN: 120-178-396
 * Detected change in '/home/rudra/Documents/Provisioner/experiment.py', reloading
 * Restarting with stat
 * Debugger is active!
 * Debugger PIN: 120-178-396
 * Detected change in '/home/rudra/Documents/Provisioner/experiment.py', reloading
 * Restarting with stat
 * Debugger is active!
 * Debugger PIN: 120-178-396
 * Detected change in '/home/rudra/Documents/Provisioner/bkc.py', reloading
 * Restarting with stat
 * Debugger is active!
 * Debugger PIN: 120-178-396
 * Detected change in '/home/rudra/Documents/Provisioner/bkc.py', reloading
 * Restarting with stat
 * Debugger is active!
 * Debugger PIN: 120-178-396
127.0.0.1 - - [22/Feb/2023 16:13:08] "[31m[1mPOST /get-bkc-id HTTP/1.1[0m" 405 -
 * Detected change in '/home/rudra/Documents/Provisioner/experiment.py', reloading
 * Restarting with stat
 * Debugger is active!
 * Debugger PIN: 120-178-396
127.0.0.1 - - [22/Feb/2023 16:13:45] "[31m[1mPOST /get-bkc-id HTTP/1.1[0m" 405 -
 * Detected change in '/home/rudra/Documents/Provisioner/bkc.py', reloading
 * Restarting with stat
 * Debugger is active!
 * Debugger PIN: 120-178-396
127.0.0.1 - - [22/Feb/2023 16:15:04] "[31m[1mPOST /get-bkc-id HTTP/1.1[0m" 405 -
 * Detected change in '/home/rudra/Documents/Provisioner/bkc.py', reloading
 * Restarting with stat
 * Debugger is active!
 * Debugger PIN: 120-178-396
127.0.0.1 - - [22/Feb/2023 16:16:16] "[31m[1mPOST /get-bkc-id HTTP/1.1[0m" 405 -
 * Detected change in '/home/rudra/Documents/Provisioner/dms.py', reloading
 * Restarting with stat
 * Debugger is active!
 * Debugger PIN: 120-178-396
127.0.0.1 - - [22/Feb/2023 16:17:16] "POST /get-bkc-id HTTP/1.1" 200 -
 * Detected change in '/home/rudra/Documents/Provisioner/bkc.py', reloading
 * Restarting with stat
 * Debugger is active!
 * Debugger PIN: 120-178-396
127.0.0.1 - - [22/Feb/2023 16:18:56] "POST /get-bkc-id HTTP/1.1" 200 -
 * Detected change in '/home/rudra/Documents/Provisioner/bkc.py', reloading
 * Restarting with stat
 * Debugger is active!
 * Debugger PIN: 120-178-396
127.0.0.1 - - [22/Feb/2023 16:21:08] "POST /get-bkc-id HTTP/1.1" 200 -
 * Detected change in '/home/rudra/Documents/Provisioner/bkc.py', reloading
 * Restarting with stat
 * Debugger is active!
 * Debugger PIN: 120-178-396
127.0.0.1 - - [22/Feb/2023 16:21:34] "POST /get-bkc-id HTTP/1.1" 200 -
 * Detected change in '/home/rudra/Documents/Provisioner/bkc.py', reloading
 * Restarting with stat
 * Debugger is active!
 * Debugger PIN: 120-178-396
127.0.0.1 - - [22/Feb/2023 16:22:42] "POST /get-bkc-id HTTP/1.1" 200 -
 * Detected change in '/home/rudra/Documents/Provisioner/bkc.py', reloading
 * Restarting with stat
 * Debugger is active!
 * Debugger PIN: 120-178-396
127.0.0.1 - - [22/Feb/2023 16:24:08] "POST /get-bkc-id HTTP/1.1" 200 -
 * Detected change in '/home/rudra/Documents/Provisioner/bkc.py', reloading
 * Restarting with stat
 * Debugger is active!
 * Debugger PIN: 120-178-396
127.0.0.1 - - [22/Feb/2023 16:24:39] "POST /get-bkc-id HTTP/1.1" 200 -
 * Detected change in '/home/rudra/Documents/Provisioner/bkc.py', reloading
 * Restarting with stat
 * Debugger is active!
 * Debugger PIN: 120-178-396
127.0.0.1 - - [22/Feb/2023 16:27:02] "POST /get-bkc-id HTTP/1.1" 200 -
127.0.0.1 - - [22/Feb/2023 16:28:15] "POST /get-bkc-id HTTP/1.1" 200 -
 * Detected change in '/home/rudra/Documents/Provisioner/bkc.py', reloading
 * Restarting with stat
 * Debugger is active!
 * Debugger PIN: 120-178-396
127.0.0.1 - - [22/Feb/2023 16:29:28] "POST /get-bkc-id HTTP/1.1" 200 -
 * Detected change in '/home/rudra/Documents/Provisioner/bkc.py', reloading
 * Restarting with stat
 * Debugger is active!
 * Debugger PIN: 120-178-396
10.99.115.211 - - [22/Feb/2023 16:31:12] "POST /get-bkc-id HTTP/1.1" 200 -
 * Detected change in '/home/rudra/Documents/Provisioner/bkc.py', reloading
 * Restarting with stat
 * Debugger is active!
 * Debugger PIN: 120-178-396
10.99.115.211 - - [22/Feb/2023 16:32:55] "POST /get-bkc-id HTTP/1.1" 200 -
 * Detected change in '/home/rudra/Documents/Provisioner/bkc.py', reloading
 * Restarting with stat
 * Debugger is active!
 * Debugger PIN: 120-178-396
10.99.115.211 - - [22/Feb/2023 16:35:56] "POST /get-bkc-id HTTP/1.1" 200 -
 * Detected change in '/home/rudra/Documents/Provisioner/bkc.py', reloading
 * Restarting with stat
 * Debugger is active!
 * Debugger PIN: 120-178-396
10.99.115.211 - - [22/Feb/2023 16:37:07] "POST /get-bkc-id HTTP/1.1" 200 -
 * Detected change in '/home/rudra/Documents/Provisioner/experiment_2.py', reloading
 * Restarting with stat
 * Debugger is active!
 * Debugger PIN: 120-178-396
 * Detected change in '/home/rudra/Documents/Provisioner/experiment_2.py', reloading
 * Restarting with stat
 * Debugger is active!
 * Debugger PIN: 120-178-396
 * Detected change in '/home/rudra/Documents/Provisioner/experiment_2.py', reloading
 * Restarting with stat
 * Debugger is active!
 * Debugger PIN: 120-178-396
 * Detected change in '/home/rudra/Documents/Provisioner/experiment_2.py', reloading
 * Restarting with stat
 * Debugger is active!
 * Debugger PIN: 120-178-396
 * Detected change in '/home/rudra/Documents/Provisioner/experiment_2.py', reloading
 * Restarting with stat
 * Debugger is active!
 * Debugger PIN: 120-178-396
 * Detected change in '/home/rudra/Documents/Provisioner/bkc.py', reloading
 * Restarting with stat
 * Debugger is active!
 * Debugger PIN: 120-178-396
 * Detected change in '/home/rudra/Documents/Provisioner/experiment.py', reloading
 * Restarting with stat
 * Debugger is active!
 * Debugger PIN: 120-178-396
10.99.115.211 - - [22/Feb/2023 18:12:26] "POST /get-bkc-id HTTP/1.1" 200 -
 * Detected change in '/home/rudra/Documents/Provisioner/bkc.py', reloading
 * Restarting with stat
 * Debugger is active!
 * Debugger PIN: 120-178-396
 * Detected change in '/home/rudra/Documents/Provisioner/bkc.py', reloading
 * Restarting with stat
 * Debugger is active!
 * Debugger PIN: 120-178-396
