 * Serving Flask app 'main'
 * Debug mode: on
[31m[1mWARNING: This is a development server. Do not use it in a production deployment. Use a production WSGI server instead.[0m
 * Running on all addresses (0.0.0.0)
 * Running on http://127.0.0.1:5055
 * Running on http://10.99.115.211:5055
[33mPress CTRL+C to quit[0m
 * Restarting with stat
 * Debugger is active!
 * Debugger PIN: 177-283-074
10.215.119.118 - - [15/Feb/2023 11:13:06] "GET / HTTP/1.1" 200 -
10.215.119.118 - - [15/Feb/2023 11:13:07] "[33mGET /favicon.ico HTTP/1.1[0m" 404 -
10.99.115.134 - - [15/Feb/2023 11:13:46] "POST /get-keys HTTP/1.1" 200 -
10.215.119.118 - - [15/Feb/2023 11:28:23] "GET / HTTP/1.1" 200 -
10.215.119.118 - - [15/Feb/2023 11:28:25] "GET / HTTP/1.1" 200 -
10.215.119.118 - - [15/Feb/2023 11:28:26] "GET / HTTP/1.1" 200 -
10.213.98.18 - - [17/Feb/2023 12:08:05] "GET / HTTP/1.1" 200 -
10.213.98.18 - - [17/Feb/2023 12:08:05] "[33mGET /favicon.ico HTTP/1.1[0m" 404 -
 * Detected change in '/home/rudra/Documents/Provisioner/main.py', reloading
 * Restarting with stat
Traceback (most recent call last):
  File "/home/rudra/Documents/Provisioner/main.py", line 16, in <module>
    def hello_world():
  File "/home/rudra/Documents/Provisioner/venv/lib/python3.10/site-packages/flask/scaffold.py", line 449, in decorator
    self.add_url_rule(rule, endpoint, f, **options)
  File "/home/rudra/Documents/Provisioner/venv/lib/python3.10/site-packages/flask/scaffold.py", line 50, in wrapper_func
    return f(self, *args, **kwargs)
  File "/home/rudra/Documents/Provisioner/venv/lib/python3.10/site-packages/flask/app.py", line 1351, in add_url_rule
    rule = self.url_rule_class(rule, methods=methods, **options)
  File "/home/rudra/Documents/Provisioner/venv/lib/python3.10/site-packages/werkzeug/routing/rules.py", line 454, in __init__
    raise ValueError("urls must start with a leading slash")
ValueError: urls must start with a leading slash
 * Serving Flask app 'main'
 * Debug mode: on
[31m[1mWARNING: This is a development server. Do not use it in a production deployment. Use a production WSGI server instead.[0m
 * Running on all addresses (0.0.0.0)
 * Running on http://127.0.0.1:5055
 * Running on http://10.99.115.211:5055
[33mPress CTRL+C to quit[0m
 * Restarting with stat
 * Debugger is active!
 * Debugger PIN: 690-291-749
10.213.98.18 - - [17/Feb/2023 15:13:38] "GET / HTTP/1.1" 200 -
10.213.98.18 - - [17/Feb/2023 15:13:55] "GET /device-updater HTTP/1.1" 200 -
 * Detected change in '/home/rudra/Documents/Provisioner/main.py', reloading
 * Restarting with stat
 * Debugger is active!
 * Debugger PIN: 690-291-749
 * Detected change in '/home/rudra/Documents/Provisioner/main.py', reloading
 * Restarting with stat
 * Debugger is active!
 * Debugger PIN: 690-291-749
 * Detected change in '/home/rudra/Documents/Provisioner/main.py', reloading
 * Restarting with stat
 * Debugger is active!
 * Debugger PIN: 690-291-749
10.215.194.217 - - [17/Feb/2023 17:26:19] "GET / HTTP/1.1" 200 -
10.215.194.217 - - [17/Feb/2023 17:26:20] "[33mGET /favicon.ico HTTP/1.1[0m" 404 -
10.215.194.217 - - [17/Feb/2023 17:26:47] "GET / HTTP/1.1" 200 -
 * Detected change in '/home/rudra/Documents/Provisioner/main.py', reloading
 * Restarting with stat
 * Debugger is active!
 * Debugger PIN: 690-291-749
 * Detected change in '/home/rudra/Documents/Provisioner/main.py', reloading
 * Restarting with stat
 * Debugger is active!
 * Debugger PIN: 690-291-749
 * Detected change in '/home/rudra/Documents/Provisioner/main.py', reloading
 * Restarting with stat
 * Debugger is active!
 * Debugger PIN: 690-291-749
 * Detected change in '/home/rudra/Documents/Provisioner/main.py', reloading
 * Restarting with stat
 * Debugger is active!
 * Debugger PIN: 690-291-749
 * Detected change in '/home/rudra/Documents/Provisioner/main.py', reloading
 * Restarting with stat
 * Debugger is active!
 * Debugger PIN: 690-291-749
 * Detected change in '/home/rudra/Documents/Provisioner/scripts/device-updater.py', reloading
 * Restarting with stat
 * Debugger is active!
 * Debugger PIN: 690-291-749
 * Detected change in '/home/rudra/Documents/Provisioner/rv_server.py', reloading
 * Restarting with stat
 * Debugger is active!
 * Debugger PIN: 690-291-749
 * Detected change in '/home/rudra/Documents/Provisioner/rv_server.py', reloading
 * Restarting with stat
 * Debugger is active!
 * Debugger PIN: 690-291-749
 * Detected change in '/home/rudra/Documents/Provisioner/rv_server.py', reloading
 * Restarting with stat
 * Debugger is active!
 * Debugger PIN: 690-291-749
 * Detected change in '/home/rudra/Documents/Provisioner/rv_server.py', reloading
 * Restarting with stat
 * Debugger is active!
 * Debugger PIN: 690-291-749
 * Detected change in '/home/rudra/Documents/Provisioner/rv_server.py', reloading
 * Restarting with stat
 * Debugger is active!
 * Debugger PIN: 690-291-749
 * Detected change in '/home/rudra/Documents/Provisioner/rv_server.py', reloading
 * Restarting with stat
 * Debugger is active!
 * Debugger PIN: 690-291-749
 * Detected change in '/home/rudra/Documents/Provisioner/rv_server.py', reloading
 * Restarting with stat
 * Debugger is active!
 * Debugger PIN: 690-291-749
 * Detected change in '/home/rudra/Documents/Provisioner/rv_server.py', reloading
 * Restarting with stat
 * Debugger is active!
 * Debugger PIN: 690-291-749
 * Detected change in '/home/rudra/Documents/Provisioner/rv_server.py', reloading
 * Restarting with stat
 * Debugger is active!
 * Debugger PIN: 690-291-749
 * Serving Flask app 'rv_server'
 * Debug mode: on
[31m[1mWARNING: This is a development server. Do not use it in a production deployment. Use a production WSGI server instead.[0m
 * Running on all addresses (0.0.0.0)
 * Running on http://127.0.0.1:3000
 * Running on http://10.99.115.211:3000
[33mPress CTRL+C to quit[0m
 * Restarting with stat
 * Debugger is active!
 * Debugger PIN: 690-291-749
