 * Serving Flask app 'rv_server'
 * Debug mode: on
[31m[1mWARNING: This is a development server. Do not use it in a production deployment. Use a production WSGI server instead.[0m
 * Running on all addresses (0.0.0.0)
 * Running on http://127.0.0.1:5100
 * Running on http://10.99.115.211:5100
[33mPress CTRL+C to quit[0m
 * Restarting with stat
 * Debugger is active!
 * Debugger PIN: 486-010-554
 * Detected change in '/home/rudra/Documents/Provisioner/dms.py', reloading
 * Restarting with stat
 * Debugger is active!
 * Debugger PIN: 486-010-554
 * Detected change in '/home/rudra/Documents/Provisioner/dms.py', reloading
 * Restarting with stat
 * Debugger is active!
 * Debugger PIN: 486-010-554
 * Detected change in '/home/rudra/Documents/Provisioner/dms.py', reloading
 * Restarting with stat
 * Debugger is active!
 * Debugger PIN: 486-010-554
 * Detected change in '/home/rudra/Documents/Provisioner/dms.py', reloading
 * Restarting with stat
 * Debugger is active!
 * Debugger PIN: 486-010-554
 * Detected change in '/home/rudra/Documents/Provisioner/dms.py', reloading
 * Restarting with stat
 * Debugger is active!
 * Debugger PIN: 486-010-554
 * Detected change in '/home/rudra/Documents/Provisioner/dms.py', reloading
 * Restarting with stat
 * Debugger is active!
 * Debugger PIN: 486-010-554
 * Detected change in '/home/rudra/Documents/Provisioner/dms.py', reloading
 * Restarting with stat
 * Debugger is active!
 * Debugger PIN: 486-010-554
 * Detected change in '/home/rudra/Documents/Provisioner/dms.py', reloading
 * Restarting with stat
 * Debugger is active!
 * Debugger PIN: 486-010-554
 * Detected change in '/home/rudra/Documents/Provisioner/dms.py', reloading
 * Restarting with stat
 * Debugger is active!
 * Debugger PIN: 486-010-554
 * Detected change in '/home/rudra/Documents/Provisioner/dms.py', reloading
 * Restarting with stat
 * Debugger is active!
 * Debugger PIN: 486-010-554
 * Detected change in '/home/rudra/Documents/Provisioner/scripts/provisioner.py', reloading
 * Restarting with stat
 * Debugger is active!
 * Debugger PIN: 486-010-554
 * Detected change in '/home/rudra/Documents/Provisioner/scripts/device-updater.py', reloading
 * Restarting with stat
 * Debugger is active!
 * Debugger PIN: 486-010-554
 * Detected change in '/home/rudra/Documents/Provisioner/scripts/device-updater.py', reloading
 * Restarting with stat
 * Debugger is active!
 * Debugger PIN: 486-010-554
 * Detected change in '/home/rudra/Documents/Provisioner/dms.py', reloading
 * Restarting with stat
 * Debugger is active!
 * Debugger PIN: 486-010-554
 * Detected change in '/home/rudra/Documents/Provisioner/dms.py', reloading
 * Restarting with stat
 * Debugger is active!
 * Debugger PIN: 486-010-554
 * Detected change in '/home/rudra/Documents/Provisioner/scripts/provisioner.py', reloading
 * Restarting with stat
 * Debugger is active!
 * Debugger PIN: 486-010-554
10.99.115.134 - - [21/Feb/2023 15:00:05] "POST /verify HTTP/1.1" 200 -
10.99.115.134 - - [21/Feb/2023 15:01:13] "POST /verify HTTP/1.1" 200 -
10.99.115.134 - - [21/Feb/2023 15:02:52] "POST /verify HTTP/1.1" 200 -
 * Detected change in '/home/rudra/Documents/Provisioner/rv_server.py', reloading
cef4804e4c371bc53f6ca93806a1d111be1f9a2f28fcb9e6c110d1c64c7bfa23
cef4804e4c371bc53f6ca93806a1d111be1f9a2f28fcb9e6c110d1c64c7bfa23
cef4804e4c371bc53f6ca93806a1d111be1f9a2f28fcb9e6c110d1c64c7bfa23
 * Restarting with stat
 * Debugger is active!
 * Debugger PIN: 486-010-554
 * Detected change in '/home/rudra/Documents/Provisioner/rv_server.py', reloading
 * Restarting with stat
 * Debugger is active!
 * Debugger PIN: 486-010-554
cef4804e4c371bc53f6ca93806a1d111be1f9a2f28fcb9e6c110d1c64c7bfa23
cdc08935-9e97-4e5b-9ab6-94d5e5c4aa26
10.99.115.134 - - [21/Feb/2023 15:06:50] "POST /verify HTTP/1.1" 200 -
 * Detected change in '/home/rudra/Documents/Provisioner/scripts/device_update_manager.py', reloading
 * Restarting with stat
 * Debugger is active!
 * Debugger PIN: 486-010-554
10.66.88.179 - - [21/Feb/2023 16:11:52] "GET / HTTP/1.1" 200 -
10.66.88.179 - - [21/Feb/2023 16:11:52] "[33mGET /favicon.ico HTTP/1.1[0m" 404 -
cef4804e4c371bc53f6ca93806a1d111be1f9a2f28fcb9e6c110d1c64c7bfa23
cdc08935-9e97-4e5b-9ab6-94d5e5c4aa26
10.99.115.134 - - [21/Feb/2023 16:13:11] "POST /verify HTTP/1.1" 200 -
 * Detected change in '/home/rudra/Documents/Provisioner/scripts/provisioner.py', reloading
 * Restarting with stat
 * Debugger is active!
 * Debugger PIN: 486-010-554
 * Detected change in '/home/rudra/Documents/Provisioner/bkc.py', reloading
 * Restarting with stat
 * Debugger is active!
 * Debugger PIN: 486-010-554
 * Detected change in '/home/rudra/Documents/Provisioner/bkc.py', reloading
 * Restarting with stat
 * Debugger is active!
 * Debugger PIN: 486-010-554
 * Detected change in '/home/rudra/Documents/Provisioner/bkc.py', reloading
 * Restarting with stat
 * Debugger is active!
 * Debugger PIN: 486-010-554
 * Detected change in '/home/rudra/Documents/Provisioner/bkc.py', reloading
 * Restarting with stat
 * Debugger is active!
 * Debugger PIN: 486-010-554
 * Detected change in '/home/rudra/Documents/Provisioner/bkc.py', reloading
 * Restarting with stat
 * Debugger is active!
 * Debugger PIN: 486-010-554
 * Detected change in '/home/rudra/Documents/Provisioner/bkc.py', reloading
 * Restarting with stat
 * Debugger is active!
 * Debugger PIN: 486-010-554
 * Detected change in '/home/rudra/Documents/Provisioner/bkc.py', reloading
 * Restarting with stat
 * Debugger is active!
 * Debugger PIN: 486-010-554
 * Detected change in '/home/rudra/Documents/Provisioner/bkc.py', reloading
 * Restarting with stat
 * Debugger is active!
 * Debugger PIN: 486-010-554
 * Detected change in '/home/rudra/Documents/Provisioner/bkc.py', reloading
 * Restarting with stat
 * Debugger is active!
 * Debugger PIN: 486-010-554
 * Detected change in '/home/rudra/Documents/Provisioner/bkc.py', reloading
 * Restarting with stat
 * Debugger is active!
 * Debugger PIN: 486-010-554
 * Detected change in '/home/rudra/Documents/Provisioner/bkc.py', reloading
 * Restarting with stat
 * Debugger is active!
 * Debugger PIN: 486-010-554
 * Detected change in '/home/rudra/Documents/Provisioner/bkc.py', reloading
 * Restarting with stat
 * Debugger is active!
 * Debugger PIN: 486-010-554
 * Detected change in '/home/rudra/Documents/Provisioner/bkc.py', reloading
 * Restarting with stat
 * Debugger is active!
 * Debugger PIN: 486-010-554
 * Detected change in '/home/rudra/Documents/Provisioner/bkc.py', reloading
 * Restarting with stat
 * Debugger is active!
 * Debugger PIN: 486-010-554
 * Detected change in '/home/rudra/Documents/Provisioner/bkc.py', reloading
 * Restarting with stat
 * Debugger is active!
 * Debugger PIN: 486-010-554
 * Detected change in '/home/rudra/Documents/Provisioner/dms.py', reloading
 * Restarting with stat
 * Debugger is active!
 * Debugger PIN: 486-010-554
 * Detected change in '/home/rudra/Documents/Provisioner/dms.py', reloading
 * Restarting with stat
 * Debugger is active!
 * Debugger PIN: 486-010-554
 * Detected change in '/home/rudra/Documents/Provisioner/dms.py', reloading
 * Restarting with stat
 * Debugger is active!
 * Debugger PIN: 486-010-554
 * Detected change in '/home/rudra/Documents/Provisioner/dms.py', reloading
 * Restarting with stat
 * Debugger is active!
 * Debugger PIN: 486-010-554
 * Detected change in '/home/rudra/Documents/Provisioner/dms.py', reloading
 * Restarting with stat
 * Debugger is active!
 * Debugger PIN: 486-010-554
 * Detected change in '/home/rudra/Documents/Provisioner/bkc.py', reloading
 * Restarting with stat
 * Debugger is active!
 * Debugger PIN: 486-010-554
 * Detected change in '/home/rudra/Documents/Provisioner/dms.py', reloading
 * Restarting with stat
 * Debugger is active!
 * Debugger PIN: 486-010-554
 * Detected change in '/home/rudra/Documents/Provisioner/bkc.py', reloading
 * Restarting with stat
 * Debugger is active!
 * Debugger PIN: 486-010-554
 * Detected change in '/home/rudra/Documents/Provisioner/bkc.py', reloading
 * Restarting with stat
 * Debugger is active!
 * Debugger PIN: 486-010-554
 * Detected change in '/home/rudra/Documents/Provisioner/bkc.py', reloading
 * Restarting with stat
 * Debugger is active!
 * Debugger PIN: 486-010-554
 * Detected change in '/home/rudra/Documents/Provisioner/bkc.py', reloading
 * Restarting with stat
 * Debugger is active!
 * Debugger PIN: 486-010-554
 * Detected change in '/home/rudra/Documents/Provisioner/bkc.py', reloading
 * Restarting with stat
 * Debugger is active!
 * Debugger PIN: 486-010-554
 * Detected change in '/home/rudra/Documents/Provisioner/bkc.py', reloading
 * Restarting with stat
 * Debugger is active!
 * Debugger PIN: 486-010-554
 * Detected change in '/home/rudra/Documents/Provisioner/bkc.py', reloading
 * Restarting with stat
 * Debugger is active!
 * Debugger PIN: 486-010-554
 * Detected change in '/home/rudra/Documents/Provisioner/bkc.py', reloading
 * Restarting with stat
 * Debugger is active!
 * Debugger PIN: 486-010-554
 * Detected change in '/home/rudra/Documents/Provisioner/bkc.py', reloading
 * Restarting with stat
 * Debugger is active!
 * Debugger PIN: 486-010-554
 * Detected change in '/home/rudra/Documents/Provisioner/bkc.py', reloading
 * Restarting with stat
 * Debugger is active!
 * Debugger PIN: 486-010-554
 * Detected change in '/home/rudra/Documents/Provisioner/bkc.py', reloading
 * Restarting with stat
 * Debugger is active!
 * Debugger PIN: 486-010-554
 * Detected change in '/home/rudra/Documents/Provisioner/bkc.py', reloading
 * Restarting with stat
 * Debugger is active!
 * Debugger PIN: 486-010-554
 * Detected change in '/home/rudra/Documents/Provisioner/bkc.py', reloading
 * Restarting with stat
 * Debugger is active!
 * Debugger PIN: 486-010-554
 * Detected change in '/home/rudra/Documents/Provisioner/bkc.py', reloading
 * Restarting with stat
 * Debugger is active!
 * Debugger PIN: 486-010-554
 * Detected change in '/home/rudra/Documents/Provisioner/bkc.py', reloading
 * Restarting with stat
 * Debugger is active!
 * Debugger PIN: 486-010-554
 * Detected change in '/home/rudra/Documents/Provisioner/bkc.py', reloading
 * Restarting with stat
 * Debugger is active!
 * Debugger PIN: 486-010-554
 * Detected change in '/home/rudra/Documents/Provisioner/experiment.py', reloading
 * Restarting with stat
 * Debugger is active!
 * Debugger PIN: 486-010-554
 * Detected change in '/home/rudra/Documents/Provisioner/experiment.py', reloading
 * Restarting with stat
 * Debugger is active!
 * Debugger PIN: 486-010-554
 * Detected change in '/home/rudra/Documents/Provisioner/experiment.py', reloading
 * Restarting with stat
 * Debugger is active!
 * Debugger PIN: 486-010-554
 * Detected change in '/home/rudra/Documents/Provisioner/experiment.py', reloading
 * Restarting with stat
 * Debugger is active!
 * Debugger PIN: 486-010-554
 * Detected change in '/home/rudra/Documents/Provisioner/experiment.py', reloading
 * Restarting with stat
 * Debugger is active!
 * Debugger PIN: 486-010-554
 * Detected change in '/home/rudra/Documents/Provisioner/experiment.py', reloading
 * Restarting with stat
 * Debugger is active!
 * Debugger PIN: 486-010-554
 * Detected change in '/home/rudra/Documents/Provisioner/experiment.py', reloading
 * Restarting with stat
 * Debugger is active!
 * Debugger PIN: 486-010-554
 * Detected change in '/home/rudra/Documents/Provisioner/experiment.py', reloading
 * Restarting with stat
 * Debugger is active!
 * Debugger PIN: 486-010-554
127.0.0.1 - - [22/Feb/2023 15:49:19] "GET / HTTP/1.1" 200 -
 * Detected change in '/home/rudra/Documents/Provisioner/bkc.py', reloading
 * Restarting with stat
 * Debugger is active!
 * Debugger PIN: 486-010-554
10.99.115.211 - - [22/Feb/2023 15:54:34] "GET / HTTP/1.1" 200 -
 * Detected change in '/home/rudra/Documents/Provisioner/experiment.py', reloading
 * Restarting with stat
 * Debugger is active!
 * Debugger PIN: 486-010-554
 * Detected change in '/home/rudra/Documents/Provisioner/bkc.py', reloading
 * Restarting with stat
 * Debugger is active!
 * Debugger PIN: 486-010-554
 * Detected change in '/home/rudra/Documents/Provisioner/bkc.py', reloading
 * Restarting with stat
 * Debugger is active!
 * Debugger PIN: 486-010-554
 * Detected change in '/home/rudra/Documents/Provisioner/bkc.py', reloading
 * Restarting with stat
 * Debugger is active!
 * Debugger PIN: 486-010-554
 * Detected change in '/home/rudra/Documents/Provisioner/bkc.py', reloading
 * Restarting with stat
 * Debugger is active!
 * Debugger PIN: 486-010-554
 * Detected change in '/home/rudra/Documents/Provisioner/experiment.py', reloading
 * Restarting with stat
 * Debugger is active!
 * Debugger PIN: 486-010-554
 * Detected change in '/home/rudra/Documents/Provisioner/bkc.py', reloading
 * Restarting with stat
 * Debugger is active!
 * Debugger PIN: 486-010-554
 * Detected change in '/home/rudra/Documents/Provisioner/experiment.py', reloading
 * Restarting with stat
 * Debugger is active!
 * Debugger PIN: 486-010-554
 * Detected change in '/home/rudra/Documents/Provisioner/experiment.py', reloading
 * Restarting with stat
 * Debugger is active!
 * Debugger PIN: 486-010-554
 * Detected change in '/home/rudra/Documents/Provisioner/experiment.py', reloading
 * Restarting with stat
 * Debugger is active!
 * Debugger PIN: 486-010-554
 * Detected change in '/home/rudra/Documents/Provisioner/experiment.py', reloading
 * Restarting with stat
 * Debugger is active!
 * Debugger PIN: 486-010-554
 * Detected change in '/home/rudra/Documents/Provisioner/experiment.py', reloading
 * Restarting with stat
 * Debugger is active!
 * Debugger PIN: 486-010-554
 * Detected change in '/home/rudra/Documents/Provisioner/experiment.py', reloading
 * Restarting with stat
 * Debugger is active!
 * Debugger PIN: 486-010-554
 * Detected change in '/home/rudra/Documents/Provisioner/experiment.py', reloading
 * Restarting with stat
 * Debugger is active!
 * Debugger PIN: 486-010-554
 * Detected change in '/home/rudra/Documents/Provisioner/experiment.py', reloading
 * Restarting with stat
 * Debugger is active!
 * Debugger PIN: 486-010-554
 * Detected change in '/home/rudra/Documents/Provisioner/bkc.py', reloading
 * Restarting with stat
 * Debugger is active!
 * Debugger PIN: 486-010-554
 * Detected change in '/home/rudra/Documents/Provisioner/bkc.py', reloading
 * Restarting with stat
 * Debugger is active!
 * Debugger PIN: 486-010-554
 * Detected change in '/home/rudra/Documents/Provisioner/experiment.py', reloading
 * Restarting with stat
 * Debugger is active!
 * Debugger PIN: 486-010-554
 * Detected change in '/home/rudra/Documents/Provisioner/bkc.py', reloading
 * Restarting with stat
 * Debugger is active!
 * Debugger PIN: 486-010-554
 * Detected change in '/home/rudra/Documents/Provisioner/bkc.py', reloading
 * Restarting with stat
 * Debugger is active!
 * Debugger PIN: 486-010-554
 * Detected change in '/home/rudra/Documents/Provisioner/dms.py', reloading
 * Restarting with stat
 * Debugger is active!
 * Debugger PIN: 486-010-554
 * Detected change in '/home/rudra/Documents/Provisioner/bkc.py', reloading
 * Restarting with stat
 * Debugger is active!
 * Debugger PIN: 486-010-554
 * Detected change in '/home/rudra/Documents/Provisioner/bkc.py', reloading
 * Restarting with stat
 * Debugger is active!
 * Debugger PIN: 486-010-554
 * Detected change in '/home/rudra/Documents/Provisioner/bkc.py', reloading
 * Restarting with stat
 * Debugger is active!
 * Debugger PIN: 486-010-554
 * Detected change in '/home/rudra/Documents/Provisioner/bkc.py', reloading
 * Restarting with stat
 * Debugger is active!
 * Debugger PIN: 486-010-554
 * Detected change in '/home/rudra/Documents/Provisioner/bkc.py', reloading
 * Restarting with stat
 * Debugger is active!
 * Debugger PIN: 486-010-554
 * Detected change in '/home/rudra/Documents/Provisioner/bkc.py', reloading
 * Restarting with stat
 * Debugger is active!
 * Debugger PIN: 486-010-554
 * Detected change in '/home/rudra/Documents/Provisioner/bkc.py', reloading
 * Restarting with stat
 * Debugger is active!
 * Debugger PIN: 486-010-554
 * Detected change in '/home/rudra/Documents/Provisioner/bkc.py', reloading
 * Restarting with stat
 * Debugger is active!
 * Debugger PIN: 486-010-554
 * Detected change in '/home/rudra/Documents/Provisioner/bkc.py', reloading
 * Restarting with stat
 * Debugger is active!
 * Debugger PIN: 486-010-554
 * Detected change in '/home/rudra/Documents/Provisioner/bkc.py', reloading
 * Restarting with stat
 * Debugger is active!
 * Debugger PIN: 486-010-554
 * Detected change in '/home/rudra/Documents/Provisioner/bkc.py', reloading
 * Restarting with stat
 * Debugger is active!
 * Debugger PIN: 486-010-554
 * Detected change in '/home/rudra/Documents/Provisioner/bkc.py', reloading
 * Restarting with stat
 * Debugger is active!
 * Debugger PIN: 486-010-554
 * Detected change in '/home/rudra/Documents/Provisioner/experiment_2.py', reloading
 * Restarting with stat
 * Debugger is active!
 * Debugger PIN: 486-010-554
 * Detected change in '/home/rudra/Documents/Provisioner/experiment_2.py', reloading
 * Restarting with stat
 * Debugger is active!
 * Debugger PIN: 486-010-554
 * Detected change in '/home/rudra/Documents/Provisioner/experiment_2.py', reloading
 * Restarting with stat
 * Debugger is active!
 * Debugger PIN: 486-010-554
 * Detected change in '/home/rudra/Documents/Provisioner/experiment_2.py', reloading
 * Restarting with stat
 * Debugger is active!
 * Debugger PIN: 486-010-554
 * Detected change in '/home/rudra/Documents/Provisioner/experiment_2.py', reloading
 * Restarting with stat
 * Debugger is active!
 * Debugger PIN: 486-010-554
 * Detected change in '/home/rudra/Documents/Provisioner/bkc.py', reloading
 * Restarting with stat
 * Debugger is active!
 * Debugger PIN: 486-010-554
 * Detected change in '/home/rudra/Documents/Provisioner/experiment.py', reloading
 * Restarting with stat
 * Debugger is active!
 * Debugger PIN: 486-010-554
 * Detected change in '/home/rudra/Documents/Provisioner/bkc.py', reloading
 * Restarting with stat
 * Debugger is active!
 * Debugger PIN: 486-010-554
 * Detected change in '/home/rudra/Documents/Provisioner/bkc.py', reloading
 * Restarting with stat
 * Debugger is active!
 * Debugger PIN: 486-010-554
 * Detected change in '/home/rudra/Documents/Provisioner/scripts/device_update_manager.py', reloading
 * Restarting with stat
 * Debugger is active!
 * Debugger PIN: 486-010-554
 * Detected change in '/home/rudra/Documents/Provisioner/scripts/provisioner.py', reloading
 * Restarting with stat
 * Debugger is active!
 * Debugger PIN: 486-010-554
 * Detected change in '/home/rudra/Documents/Provisioner/messenger.py', reloading
 * Restarting with stat
 * Debugger is active!
 * Debugger PIN: 486-010-554
 * Detected change in '/home/rudra/Documents/Provisioner/messenger.py', reloading
 * Restarting with stat
 * Debugger is active!
 * Debugger PIN: 486-010-554
 * Detected change in '/home/rudra/Documents/Provisioner/messenger.py', reloading
 * Restarting with stat
 * Debugger is active!
 * Debugger PIN: 486-010-554
 * Detected change in '/home/rudra/Documents/Provisioner/messenger.py', reloading
 * Restarting with stat
 * Debugger is active!
 * Debugger PIN: 486-010-554
 * Detected change in '/home/rudra/Documents/Provisioner/messenger.py', reloading
 * Restarting with stat
 * Debugger is active!
 * Debugger PIN: 486-010-554
 * Detected change in '/home/rudra/Documents/Provisioner/messenger.py', reloading
 * Restarting with stat
 * Debugger is active!
 * Debugger PIN: 486-010-554
 * Detected change in '/home/rudra/Documents/Provisioner/messenger.py', reloading
 * Restarting with stat
 * Debugger is active!
 * Debugger PIN: 486-010-554
 * Detected change in '/home/rudra/Documents/Provisioner/messenger.py', reloading
 * Restarting with stat
 * Debugger is active!
 * Debugger PIN: 486-010-554
 * Detected change in '/home/rudra/Documents/Provisioner/messenger.py', reloading
 * Restarting with stat
 * Debugger is active!
 * Debugger PIN: 486-010-554
 * Detected change in '/home/rudra/Documents/Provisioner/messenger.py', reloading
 * Restarting with stat
 * Debugger is active!
 * Debugger PIN: 486-010-554
 * Detected change in '/home/rudra/Documents/Provisioner/messenger.py', reloading
 * Restarting with stat
 * Debugger is active!
 * Debugger PIN: 486-010-554
 * Detected change in '/home/rudra/Documents/Provisioner/experiment_3.py', reloading
 * Restarting with stat
 * Debugger is active!
 * Debugger PIN: 486-010-554
 * Detected change in '/home/rudra/Documents/Provisioner/messenger.py', reloading
 * Restarting with stat
 * Debugger is active!
 * Debugger PIN: 486-010-554
 * Detected change in '/home/rudra/Documents/Provisioner/messenger.py', reloading
 * Restarting with stat
 * Debugger is active!
 * Debugger PIN: 486-010-554
 * Detected change in '/home/rudra/Documents/Provisioner/messenger.py', reloading
 * Restarting with stat
 * Debugger is active!
 * Debugger PIN: 486-010-554
 * Detected change in '/home/rudra/Documents/Provisioner/messenger.py', reloading
 * Restarting with stat
 * Debugger is active!
 * Debugger PIN: 486-010-554
 * Detected change in '/home/rudra/Documents/Provisioner/messenger.py', reloading
 * Restarting with stat
 * Debugger is active!
 * Debugger PIN: 486-010-554
 * Detected change in '/home/rudra/Documents/Provisioner/messenger.py', reloading
 * Restarting with stat
 * Debugger is active!
 * Debugger PIN: 486-010-554
 * Detected change in '/home/rudra/Documents/Provisioner/messenger.py', reloading
 * Restarting with stat
 * Debugger is active!
 * Debugger PIN: 486-010-554
 * Detected change in '/home/rudra/Documents/Provisioner/messenger.py', reloading
 * Restarting with stat
 * Debugger is active!
 * Debugger PIN: 486-010-554
 * Detected change in '/home/rudra/Documents/Provisioner/experiment_3.py', reloading
 * Restarting with stat
 * Debugger is active!
 * Debugger PIN: 486-010-554
 * Detected change in '/home/rudra/Documents/Provisioner/experiment_3.py', reloading
 * Restarting with stat
 * Debugger is active!
 * Debugger PIN: 486-010-554
 * Detected change in '/home/rudra/Documents/Provisioner/experiment_3.py', reloading
 * Restarting with stat
 * Debugger is active!
 * Debugger PIN: 486-010-554
 * Detected change in '/home/rudra/Documents/Provisioner/experiment_3.py', reloading
 * Restarting with stat
 * Debugger is active!
 * Debugger PIN: 486-010-554
 * Detected change in '/home/rudra/Documents/Provisioner/experiment_3.py', reloading
 * Restarting with stat
 * Debugger is active!
 * Debugger PIN: 486-010-554
 * Detected change in '/home/rudra/Documents/Provisioner/experiment_3.py', reloading
 * Restarting with stat
 * Debugger is active!
 * Debugger PIN: 486-010-554
 * Detected change in '/home/rudra/Documents/Provisioner/experiment_3.py', reloading
 * Restarting with stat
 * Debugger is active!
 * Debugger PIN: 486-010-554
 * Detected change in '/home/rudra/Documents/Provisioner/experiment_3.py', reloading
 * Restarting with stat
 * Debugger is active!
 * Debugger PIN: 486-010-554
 * Detected change in '/home/rudra/Documents/Provisioner/experiment_3.py', reloading
 * Restarting with stat
 * Debugger is active!
 * Debugger PIN: 486-010-554
 * Detected change in '/home/rudra/Documents/Provisioner/experiment_3.py', reloading
 * Restarting with stat
 * Debugger is active!
 * Debugger PIN: 486-010-554
 * Detected change in '/home/rudra/Documents/Provisioner/messenger.py', reloading
 * Restarting with stat
 * Debugger is active!
 * Debugger PIN: 486-010-554
 * Detected change in '/home/rudra/Documents/Provisioner/experiment_3.py', reloading
 * Restarting with stat
 * Debugger is active!
 * Debugger PIN: 486-010-554
 * Detected change in '/home/rudra/Documents/Provisioner/experiment_3.py', reloading
 * Restarting with stat
 * Debugger is active!
 * Debugger PIN: 486-010-554
 * Detected change in '/home/rudra/Documents/Provisioner/experiment_3.py', reloading
 * Restarting with stat
 * Debugger is active!
 * Debugger PIN: 486-010-554
 * Detected change in '/home/rudra/Documents/Provisioner/messenger.py', reloading
 * Restarting with stat
 * Debugger is active!
 * Debugger PIN: 486-010-554
 * Detected change in '/home/rudra/Documents/Provisioner/messenger.py', reloading
 * Restarting with stat
 * Debugger is active!
 * Debugger PIN: 486-010-554
 * Detected change in '/home/rudra/Documents/Provisioner/messenger.py', reloading
 * Restarting with stat
 * Debugger is active!
 * Debugger PIN: 486-010-554
 * Detected change in '/home/rudra/Documents/Provisioner/scripts/provisioner.py', reloading
 * Restarting with stat
 * Debugger is active!
 * Debugger PIN: 486-010-554
