 * Serving Flask app 'bkc'
 * Debug mode: on
[31m[1mWARNING: This is a development server. Do not use it in a production deployment. Use a production WSGI server instead.[0m
 * Running on all addresses (0.0.0.0)
 * Running on http://127.0.0.1:5200
 * Running on http://10.99.115.211:5200
[33mPress CTRL+C to quit[0m
 * Restarting with stat
 * Debugger is active!
 * Debugger PIN: 375-197-788
10.99.115.134 - - [26/Feb/2023 17:43:06] "POST /update-new HTTP/1.1" 200 -
 * Detected change in '/home/rudra/Documents/Provisioner/scripts/device_update_manager.py', reloading
 * Restarting with stat
 * Debugger is active!
 * Debugger PIN: 375-197-788
 * Detected change in '/home/rudra/Documents/Provisioner/scripts/provisioner.py', reloading
 * Restarting with stat
 * Debugger is active!
 * Debugger PIN: 375-197-788
 * Detected change in '/home/rudra/Documents/Provisioner/scripts/provisioner.py', reloading
 * Restarting with stat
 * Debugger is active!
 * Debugger PIN: 375-197-788
 * Detected change in '/home/rudra/Documents/Provisioner/scripts/provisioner.py', reloading
 * Restarting with stat
 * Debugger is active!
 * Debugger PIN: 375-197-788
 * Detected change in '/home/rudra/Documents/Provisioner/scripts/provisioner.py', reloading
 * Restarting with stat
 * Debugger is active!
 * Debugger PIN: 375-197-788
 * Detected change in '/home/rudra/Documents/Provisioner/scripts/provisioner.py', reloading
 * Restarting with stat
 * Debugger is active!
 * Debugger PIN: 375-197-788
 * Detected change in '/home/rudra/Documents/Provisioner/scripts/provisioner.py', reloading
 * Restarting with stat
 * Debugger is active!
 * Debugger PIN: 375-197-788
 * Detected change in '/home/rudra/Documents/Provisioner/experiment.py', reloading
 * Restarting with stat
 * Debugger is active!
 * Debugger PIN: 375-197-788
 * Detected change in '/home/rudra/Documents/Provisioner/experiment.py', reloading
 * Restarting with stat
 * Debugger is active!
 * Debugger PIN: 375-197-788
 * Detected change in '/home/rudra/Documents/Provisioner/experiment.py', reloading
 * Restarting with stat
 * Debugger is active!
 * Debugger PIN: 375-197-788
 * Detected change in '/home/rudra/Documents/Provisioner/scripts/device_update_manager.py', reloading
 * Restarting with stat
 * Debugger is active!
 * Debugger PIN: 375-197-788
10.99.115.134 - - [26/Feb/2023 21:17:16] "POST /update-new HTTP/1.1" 200 -
 * Detected change in '/home/rudra/Documents/Provisioner/scripts/provisioner.py', reloading
 * Restarting with stat
 * Debugger is active!
 * Debugger PIN: 375-197-788
 * Detected change in '/home/rudra/Documents/Provisioner/dms.py', reloading
 * Restarting with stat
 * Debugger is active!
 * Debugger PIN: 375-197-788
